{"/Users/leitingting/github/sum-react/components/BaseButton/index.tsx": {"path":"/Users/leitingting/github/sum-react/components/BaseButton/index.tsx","statementMap":{"0":{"start":{"line":1,"column":0},"end":{"line":1,"column":40}},"1":{"start":{"line":2,"column":0},"end":{"line":2,"column":30}},"2":{"start":{"line":3,"column":0},"end":{"line":3,"column":22}},"3":{"start":{"line":21,"column":0},"end":{"line":21,"column":9}},"4":{"start":{"line":22,"column":32},"end":{"line":22,"column":47}},"5":{"start":{"line":22,"column":16},"end":{"line":22,"column":18}},"6":{"start":{"line":22,"column":28},"end":{"line":22,"column":32}},"7":{"start":{"line":23,"column":28},"end":{"line":23,"column":34}},"8":{"start":{"line":24,"column":22},"end":{"line":33,"column":4}},"9":{"start":{"line":25,"column":4},"end":{"line":25,"column":25}},"10":{"start":{"line":25,"column":18},"end":{"line":25,"column":25}},"11":{"start":{"line":26,"column":4},"end":{"line":26,"column":24}},"12":{"start":{"line":26,"column":17},"end":{"line":26,"column":24}},"13":{"start":{"line":27,"column":4},"end":{"line":27,"column":21}},"14":{"start":{"line":29,"column":6},"end":{"line":29,"column":22}},"15":{"start":{"line":31,"column":6},"end":{"line":31,"column":24}},"16":{"start":{"line":35,"column":2},"end":{"line":37,"column":4}},"17":{"start":{"line":40,"column":0},"end":{"line":42,"column":2}},"18":{"start":{"line":44,"column":0},"end":{"line":44,"column":26}}},"fnMap":{"0":{"name":"BaseButton","decl":{"start":{"line":21,"column":9},"end":{"line":21,"column":19}},"loc":{"start":{"line":21,"column":32},"end":{"line":38,"column":1}}},"1":{"name":"(anonymous_22)","decl":{"start":{"line":24,"column":22},"end":{"line":24,"column":null}},"loc":{"start":{"line":24,"column":22},"end":{"line":33,"column":4}}}},"branchMap":{"0":{"loc":{"start":{"line":25,"column":4},"end":{"line":25,"column":25}},"type":"if","locations":[{"start":{"line":25,"column":4},"end":{"line":25,"column":25}},{"start":{"line":25,"column":4},"end":{"line":25,"column":25}}]},"1":{"loc":{"start":{"line":26,"column":4},"end":{"line":26,"column":24}},"type":"if","locations":[{"start":{"line":26,"column":4},"end":{"line":26,"column":24}},{"start":{"line":26,"column":4},"end":{"line":26,"column":24}}]}},"s":{"0":1,"1":1,"2":1,"3":3,"4":3,"5":3,"6":3,"7":6,"8":4,"9":1,"10":0,"11":1,"12":0,"13":1,"14":2,"15":1,"16":3,"17":1,"18":1},"f":{"0":3,"1":2},"b":{"0":[0,1],"1":[0,1]}}
,"/Users/leitingting/github/sum-react/components/BaseModal/index.tsx": {"path":"/Users/leitingting/github/sum-react/components/BaseModal/index.tsx","statementMap":{"0":{"start":{"line":1,"column":0},"end":{"line":1,"column":26}},"1":{"start":{"line":2,"column":0},"end":{"line":2,"column":29}},"2":{"start":{"line":3,"column":0},"end":{"line":3,"column":22}},"3":{"start":{"line":38,"column":68},"end":{"line":38,"column":74}},"4":{"start":{"line":39,"column":2},"end":{"line":51,"column":4}},"5":{"start":{"line":54,"column":0},"end":{"line":59,"column":2}},"6":{"start":{"line":61,"column":0},"end":{"line":61,"column":25}}},"fnMap":{"0":{"name":"BaseModal","decl":{"start":{"line":37,"column":9},"end":{"line":37,"column":18}},"loc":{"start":{"line":37,"column":31},"end":{"line":52,"column":1}}}},"branchMap":{},"s":{"0":1,"1":1,"2":1,"3":6,"4":1,"5":1,"6":1},"f":{"0":1},"b":{}}
}
