TN:
SF:components/BaseButton/index.tsx
FN:21,BaseButton
FN:24,(anonymous_22)
FNF:2
FNH:2
FNDA:3,BaseButton
FNDA:2,(anonymous_22)
DA:1,1
DA:2,1
DA:3,1
DA:21,3
DA:22,3
DA:23,6
DA:24,4
DA:25,1
DA:26,1
DA:27,1
DA:29,2
DA:31,1
DA:35,3
DA:40,1
DA:44,1
LF:15
LH:15
BRDA:25,0,0,0
BRDA:25,0,1,1
BRDA:26,1,0,0
BRDA:26,1,1,1
BRF:4
BRH:2
end_of_record
TN:
SF:components/BaseModal/index.tsx
FN:37,BaseModal
FNF:1
FNH:1
FNDA:1,BaseModal
DA:1,1
DA:2,1
DA:3,1
DA:38,6
DA:39,1
DA:54,1
DA:61,1
LF:7
LH:7
BRF:0
BRH:0
end_of_record
